#
# A fatal error has been detected by the Java Runtime Environment:
#
#  EXCEPTION_ACCESS_VIOLATION (0xc0000005) at pc=0x000000006dda5092, pid=4068, tid=0x00000000000002b0
#
# JRE version: Java(TM) SE Runtime Environment (8.0_101-b13) (build 1.8.0_101-b13)
# Java VM: Java HotSpot(TM) 64-Bit Server VM (25.101-b13 mixed mode windows-amd64 compressed oops)
# Problematic frame:
# V  [jvm.dll+0x145092]
#
# Failed to write core dump. Minidumps are not enabled by default on client versions of Windows
#
# If you would like to submit a bug report, please visit:
#   http://bugreport.java.com/bugreport/crash.jsp
#

---------------  T H R E A D  ---------------

Current thread (0x000000000209e000):  JavaThread "main" [_thread_in_vm, id=688, stack(0x0000000001f20000,0x0000000002020000)]

siginfo: ExceptionCode=0xc0000005, reading address 0x0000000000000000

Registers:
RAX=0x0000000000000000, RBX=0x000000000209e000, RCX=0x0000000000000e00, RDX=0x0000000000000000
RSP=0x000000000201f3f0, RBP=0x0000000000000000, RSI=0x0000000000000000, RDI=0x0000000000000000
R8 =0x0000000000000000, R9 =0x000000006e3fed50, R10=0x0000000000000000, R11=0x0000000000000064
R12=0x0000000000000000, R13=0x00000000166fd4b0, R14=0x00000000004c0040, R15=0x000000000209e000
RIP=0x000000006dda5092, EFLAGS=0x0000000000010202

Top of Stack: (sp=0x000000000201f3f0)
0x000000000201f3f0:   0000000000000000 00007ffa0946a9b9
0x000000000201f400:   0000000016ca3ef0 000000006de18736
0x000000000201f410:   000000000209e000 0000000000000000
0x000000000201f420:   00000000166fd4b0 fffffffffffffffe
0x000000000201f430:   000000000209e000 000000006dda51b6
0x000000000201f440:   000000000201f658 0000000016ca28c0
0x000000000201f450:   0000ce8848fb0407 000000006f188d94
0x000000000201f460:   0000000000000000 0000000180002aad
0x000000000201f470:   000000000201f630 00000000000000b0
0x000000000201f480:   0000000016ca28c0 000000000209e1f8
0x000000000201f490:   0000000000000000 0000000000000000
0x000000000201f4a0:   0000000000000000 000000000209ea40
0x000000000201f4b0:   00000000000000b0 fffffffffffffffe
0x000000000201f4c0:   000000000209e1f8 0000000000000000
0x000000000201f4d0:   000000000209e1f8 0000000000459880
0x000000000201f4e0:   000000000201fac8 000000006dda745b 

Instructions: (pc=0x000000006dda5092)
0x000000006dda5072:   89 5c 24 20 48 89 74 24 28 48 39 73 08 74 0a 48
0x000000006dda5082:   8d 4c 24 20 e8 75 63 13 00 40 38 35 de 62 6c 00
0x000000006dda5092:   48 8b 3f 48 63 05 c0 c2 6a 00 74 1b 8b 0c 38 85
0x000000006dda50a2:   c9 74 7c 8b c1 8b 0d e3 96 65 00 48 d3 e0 48 03 


Register to memory mapping:

RAX=0x0000000000000000 is an unknown value
RBX=0x000000000209e000 is a thread
RCX=0x0000000000000e00 is an unknown value
RDX=0x0000000000000000 is an unknown value
RSP=0x000000000201f3f0 is pointing into the stack for thread: 0x000000000209e000
RBP=0x0000000000000000 is an unknown value
RSI=0x0000000000000000 is an unknown value
RDI=0x0000000000000000 is an unknown value
R8 =0x0000000000000000 is an unknown value
R9 =0x000000006e3fed50 is an unknown value
R10=0x0000000000000000 is an unknown value
R11=0x0000000000000064 is an unknown value
R12=0x0000000000000000 is an unknown value
R13={method} {0x00000000166fd4b8} 'setEvidence' '(Ljava/lang/String;Ljava/lang/String;)V' in 'smile/Network'
R14=0x00000000004c0040 is an unknown value
R15=0x000000000209e000 is a thread


Stack: [0x0000000001f20000,0x0000000002020000],  sp=0x000000000201f3f0,  free space=1020k
Native frames: (J=compiled Java code, j=interpreted, Vv=VM code, C=native code)

Java frames: (J=compiled Java code, j=interpreted, Vv=VM code)
j  smile.Network.setEvidence(Ljava/lang/String;Ljava/lang/String;)V+0
j  kip.tools.EvidenceSetter.setEvidence(Ljava/lang/String;Ljava/lang/String;ZZ)Z+25
j  kip.tools.MaxProbabilitySequenceCalculator.calculate(IILjava/util/List;)Lkip/tools/model/KipSequence;+363
j  KipToolsClient.main([Ljava/lang/String;)V+535
v  ~StubRoutines::call_stub

---------------  P R O C E S S  ---------------

Java Threads: ( => current thread )
  0x0000000018ca3000 JavaThread "Service Thread" daemon [_thread_blocked, id=2596, stack(0x0000000019050000,0x0000000019150000)]
  0x0000000016cc2800 JavaThread "C1 CompilerThread2" daemon [_thread_blocked, id=6760, stack(0x0000000018b50000,0x0000000018c50000)]
  0x0000000016cc1000 JavaThread "C2 CompilerThread1" daemon [_thread_blocked, id=3804, stack(0x0000000018a50000,0x0000000018b50000)]
  0x0000000016cb4800 JavaThread "C2 CompilerThread0" daemon [_thread_blocked, id=3836, stack(0x0000000018950000,0x0000000018a50000)]
  0x0000000016ca9800 JavaThread "JDWP Command Reader" daemon [_thread_in_native, id=2700, stack(0x0000000018850000,0x0000000018950000)]
  0x0000000016ca6800 JavaThread "JDWP Event Helper Thread" daemon [_thread_blocked, id=3820, stack(0x0000000018750000,0x0000000018850000)]
  0x0000000016c97800 JavaThread "JDWP Transport Listener: dt_socket" daemon [_thread_blocked, id=2472, stack(0x0000000018650000,0x0000000018750000)]
  0x0000000016c8c000 JavaThread "Attach Listener" daemon [_thread_blocked, id=4164, stack(0x0000000018210000,0x0000000018310000)]
  0x0000000016c8b000 JavaThread "Signal Dispatcher" daemon [_thread_blocked, id=6396, stack(0x0000000018110000,0x0000000018210000)]
  0x0000000016c79000 JavaThread "Finalizer" daemon [_thread_blocked, id=884, stack(0x0000000017f00000,0x0000000018000000)]
  0x0000000002191000 JavaThread "Reference Handler" daemon [_thread_blocked, id=5496, stack(0x0000000017e00000,0x0000000017f00000)]
=>0x000000000209e000 JavaThread "main" [_thread_in_vm, id=688, stack(0x0000000001f20000,0x0000000002020000)]

Other Threads:
  0x0000000016c57800 VMThread [stack: 0x0000000017d00000,0x0000000017e00000] [id=5580]
  0x0000000018cc2000 WatcherThread [stack: 0x0000000019150000,0x0000000019250000] [id=3688]

VM state:not at safepoint (normal execution)

VM Mutex/Monitor currently owned by a thread: None

Heap:
 PSYoungGen      total 37888K, used 10554K [0x00000000d6000000, 0x00000000d8a00000, 0x0000000100000000)
  eden space 32768K, 25% used [0x00000000d6000000,0x00000000d6826e58,0x00000000d8000000)
  from space 5120K, 43% used [0x00000000d8000000,0x00000000d8227c48,0x00000000d8500000)
  to   space 5120K, 0% used [0x00000000d8500000,0x00000000d8500000,0x00000000d8a00000)
 ParOldGen       total 86016K, used 8K [0x0000000082000000, 0x0000000087400000, 0x00000000d6000000)
  object space 86016K, 0% used [0x0000000082000000,0x0000000082002000,0x0000000087400000)
 Metaspace       used 4259K, capacity 5814K, committed 6016K, reserved 1056768K
  class space    used 468K, capacity 550K, committed 640K, reserved 1048576K

Card table byte_map: [0x0000000011560000,0x0000000011960000] byte_map_base: 0x0000000011150000

Marking Bits: (ParMarkBitMap*) 0x000000006e47a6d0
 Begin Bits: [0x0000000012000000, 0x0000000013f80000)
 End Bits:   [0x0000000013f80000, 0x0000000015f00000)

Polling page: 0x0000000001ef0000

CodeCache: size=245760Kb used=1215Kb max_used=1215Kb free=244544Kb
 bounds [0x00000000021a0000, 0x0000000002410000, 0x00000000111a0000]
 total_blobs=433 nmethods=43 adapters=311
 compilation: enabled

Compilation events (10 events):
Event: 98.073 Thread 0x0000000016cc2800   39       3       sun.misc.VM::addFinalRefCount (24 bytes)
Event: 98.074 Thread 0x0000000016cc2800 nmethod 39 0x00000000022ce190 code [0x00000000022ce2e0, 0x00000000022ce490]
Event: 98.074 Thread 0x0000000016cc2800   40       1       java.lang.ref.Reference::get (5 bytes)
Event: 98.074 Thread 0x0000000016cc2800 nmethod 40 0x00000000022ce510 code [0x00000000022ce660, 0x00000000022ce770]
Event: 98.074 Thread 0x0000000016cc2800   41   !   3       java.util.zip.ZipFile$ZipFileInputStream::close (110 bytes)
Event: 98.075 Thread 0x0000000016cc2800 nmethod 41 0x00000000022ce7d0 code [0x00000000022ce9a0, 0x00000000022cf1f8]
Event: 98.075 Thread 0x0000000016cc2800   42       3       java.lang.ref.ReferenceQueue::reallyPoll (66 bytes)
Event: 98.075 Thread 0x0000000016cc2800 nmethod 42 0x00000000022cf5d0 code [0x00000000022cf740, 0x00000000022cfbb0]
Event: 98.075 Thread 0x0000000016cc2800   43       3       java.lang.ref.Finalizer::access$000 (4 bytes)
Event: 98.075 Thread 0x0000000016cc2800 nmethod 43 0x00000000022cfc90 code [0x00000000022cfde0, 0x00000000022cff10]

GC Heap History (2 events):
Event: 98.072 GC heap before
{Heap before GC invocations=1 (full 0):
 PSYoungGen      total 37888K, used 32768K [0x00000000d6000000, 0x00000000d8a00000, 0x0000000100000000)
  eden space 32768K, 100% used [0x00000000d6000000,0x00000000d8000000,0x00000000d8000000)
  from space 5120K, 0% used [0x00000000d8500000,0x00000000d8500000,0x00000000d8a00000)
  to   space 5120K, 0% used [0x00000000d8000000,0x00000000d8000000,0x00000000d8500000)
 ParOldGen       total 86016K, used 0K [0x0000000082000000, 0x0000000087400000, 0x00000000d6000000)
  object space 86016K, 0% used [0x0000000082000000,0x0000000082000000,0x0000000087400000)
 Metaspace       used 4257K, capacity 5814K, committed 6016K, reserved 1056768K
  class space    used 468K, capacity 550K, committed 640K, reserved 1048576K
Event: 98.073 GC heap after
Heap after GC invocations=1 (full 0):
 PSYoungGen      total 37888K, used 2207K [0x00000000d6000000, 0x00000000d8a00000, 0x0000000100000000)
  eden space 32768K, 0% used [0x00000000d6000000,0x00000000d6000000,0x00000000d8000000)
  from space 5120K, 43% used [0x00000000d8000000,0x00000000d8227c48,0x00000000d8500000)
  to   space 5120K, 0% used [0x00000000d8500000,0x00000000d8500000,0x00000000d8a00000)
 ParOldGen       total 86016K, used 8K [0x0000000082000000, 0x0000000087400000, 0x00000000d6000000)
  object space 86016K, 0% used [0x0000000082000000,0x0000000082002000,0x0000000087400000)
 Metaspace       used 4257K, capacity 5814K, committed 6016K, reserved 1056768K
  class space    used 468K, capacity 550K, committed 640K, reserved 1048576K
}

Deoptimization events (0 events):
No events

Internal exceptions (2 events):
Event: 0.030 Thread 0x000000000209e000 Exception <a 'java/lang/NoSuchMethodError': Method sun.misc.Unsafe.defineClass(Ljava/lang/String;[BII)Ljava/lang/Class; name or signature does not match> (0x00000000d6007cc0) thrown at [C:\re\workspace\8-2-build-windows-amd64-cygwin\jdk8u101\7261\hotspot\sÖ\vífíž?
Event: 0.030 Thread 0x000000000209e000 Exception <a 'java/lang/NoSuchMethodError': Method sun.misc.Unsafe.prefetchRead(Ljava/lang/Object;J)V name or signature does not match> (0x00000000d6007fa8) thrown at [C:\re\workspace\8-2-build-windows-amd64-cygwin\jdk8u101\7261\hotspot\src\share\vm\prims\

Events (10 events):
Event: 128.671 Executing VM operation: GetOrSetLocal
Event: 128.671 Executing VM operation: GetOrSetLocal done
Event: 129.210 Executing VM operation: EnterInterpOnlyMode
Event: 129.210 Executing VM operation: EnterInterpOnlyMode done
Event: 129.210 Executing VM operation: GetCurrentLocation
Event: 129.210 Executing VM operation: GetCurrentLocation done
Event: 129.210 Executing VM operation: ChangeSingleStep
Event: 129.210 Executing VM operation: ChangeSingleStep done
Event: 129.211 Executing VM operation: ChangeSingleStep
Event: 129.211 Executing VM operation: ChangeSingleStep done


Dynamic libraries:
0x00007ff722030000 - 0x00007ff722067000 	C:\Program Files\Java\jdk1.8.0_101\bin\javaw.exe
0x00007ffa09440000 - 0x00007ffa09602000 	C:\Windows\SYSTEM32\ntdll.dll
0x00007ffa09230000 - 0x00007ffa092dd000 	C:\Windows\system32\KERNEL32.DLL
0x00007ffa06930000 - 0x00007ffa06b0d000 	C:\Windows\system32\KERNELBASE.dll
0x00007ffa08910000 - 0x00007ffa089b6000 	C:\Windows\system32\ADVAPI32.dll
0x00007ffa08810000 - 0x00007ffa088ad000 	C:\Windows\system32\msvcrt.dll
0x00007ffa08cb0000 - 0x00007ffa08d0b000 	C:\Windows\system32\sechost.dll
0x00007ffa09100000 - 0x00007ffa09226000 	C:\Windows\system32\RPCRT4.dll
0x00007ffa06f70000 - 0x00007ffa070be000 	C:\Windows\system32\USER32.dll
0x00007ffa085f0000 - 0x00007ffa08775000 	C:\Windows\system32\GDI32.dll
0x00007ffa00520000 - 0x00007ffa00794000 	C:\Windows\WinSxS\amd64_microsoft.windows.common-controls_6595b64144ccf1df_6.0.10240.16384_none_f41f7b285750ef43\COMCTL32.dll
0x00007ffa092e0000 - 0x00007ffa09316000 	C:\Windows\system32\IMM32.DLL
0x00007ffa06b10000 - 0x00007ffa06c6c000 	C:\Windows\system32\MSCTF.dll
0x000000006f120000 - 0x000000006f1f2000 	C:\Program Files\Java\jdk1.8.0_101\jre\bin\msvcr100.dll
0x000000006dc60000 - 0x000000006e4fa000 	C:\Program Files\Java\jdk1.8.0_101\jre\bin\server\jvm.dll
0x00007ffa08800000 - 0x00007ffa08808000 	C:\Windows\system32\PSAPI.DLL
0x00007ff9ee940000 - 0x00007ff9ee949000 	C:\Windows\SYSTEM32\WSOCK32.dll
0x00007ffa00a40000 - 0x00007ffa00a4a000 	C:\Windows\SYSTEM32\VERSION.dll
0x00007ffa03fc0000 - 0x00007ffa03fe3000 	C:\Windows\SYSTEM32\WINMM.dll
0x00007ffa093d0000 - 0x00007ffa09439000 	C:\Windows\system32\WS2_32.dll
0x00007ffa087f0000 - 0x00007ffa087f8000 	C:\Windows\system32\NSI.dll
0x00007ffa03f90000 - 0x00007ffa03fbc000 	C:\Windows\SYSTEM32\WINMMBASE.dll
0x00007ffa06820000 - 0x00007ffa06864000 	C:\Windows\system32\cfgmgr32.dll
0x00007ffa04740000 - 0x00007ffa04767000 	C:\Windows\SYSTEM32\DEVOBJ.dll
0x000000006f110000 - 0x000000006f11f000 	C:\Program Files\Java\jdk1.8.0_101\jre\bin\verify.dll
0x000000006f0e0000 - 0x000000006f109000 	C:\Program Files\Java\jdk1.8.0_101\jre\bin\java.dll
0x000000006f0a0000 - 0x000000006f0d5000 	C:\Program Files\Java\jdk1.8.0_101\jre\bin\jdwp.dll
0x000000006f090000 - 0x000000006f098000 	C:\Program Files\Java\jdk1.8.0_101\jre\bin\npt.dll
0x000000006f070000 - 0x000000006f086000 	C:\Program Files\Java\jdk1.8.0_101\jre\bin\zip.dll
0x00007ffa070c0000 - 0x00007ffa085e3000 	C:\Windows\system32\SHELL32.dll
0x00007ffa061f0000 - 0x00007ffa06819000 	C:\Windows\system32\windows.storage.dll
0x00007ffa06cf0000 - 0x00007ffa06f6c000 	C:\Windows\system32\combase.dll
0x00007ffa08780000 - 0x00007ffa087d1000 	C:\Windows\system32\shlwapi.dll
0x00007ffa05ee0000 - 0x00007ffa05eef000 	C:\Windows\system32\kernel.appcore.dll
0x00007ffa06870000 - 0x00007ffa06923000 	C:\Windows\system32\shcore.dll
0x00007ffa05e90000 - 0x00007ffa05eda000 	C:\Windows\system32\powrprof.dll
0x00007ffa05ef0000 - 0x00007ffa05f03000 	C:\Windows\system32\profapi.dll
0x000000006f060000 - 0x000000006f069000 	C:\Program Files\Java\jdk1.8.0_101\jre\bin\dt_socket.dll
0x00007ff9fb250000 - 0x00007ff9fb265000 	C:\Windows\system32\napinsp.dll
0x00007ff9fb230000 - 0x00007ff9fb24a000 	C:\Windows\system32\pnrpnsp.dll
0x00007ffa02630000 - 0x00007ffa02648000 	C:\Windows\system32\NLAapi.dll
0x00007ffa05680000 - 0x00007ffa056dd000 	C:\Windows\System32\mswsock.dll
0x00007ffa05480000 - 0x00007ffa05528000 	C:\Windows\SYSTEM32\DNSAPI.dll
0x00007ff9faf60000 - 0x00007ff9faf6d000 	C:\Windows\System32\winrnr.dll
0x00007ff9faf40000 - 0x00007ff9faf55000 	C:\Windows\system32\wshbth.dll
0x00007ff9fec90000 - 0x00007ff9fecf8000 	C:\Windows\System32\fwpuclnt.dll
0x00007ffa05da0000 - 0x00007ffa05dc8000 	C:\Windows\SYSTEM32\bcrypt.dll
0x00007ff9fd930000 - 0x00007ff9fd93a000 	C:\Windows\System32\rasadhlp.dll
0x0000000180000000 - 0x000000018021a000 	D:\Development\dlls\jsmile.dll
0x00007ffa05850000 - 0x00007ffa0585b000 	C:\Windows\SYSTEM32\CRYPTBASE.DLL
0x00007ffa05c30000 - 0x00007ffa05c9b000 	C:\Windows\SYSTEM32\bcryptPrimitives.dll
0x00007ff9df840000 - 0x00007ff9e0abc000 	D:\Development\dlls\cplex1263.dll
0x00007ff9fbbc0000 - 0x00007ff9fbd4a000 	C:\Windows\SYSTEM32\dbghelp.dll

VM Arguments:
jvm_args: -agentlib:jdwp=transport=dt_socket,suspend=y,address=localhost:52913 -Djava.library.path=D:\Development\dlls -Dfile.encoding=Cp1252 
java_command: KipToolsClient
java_class_path (initial): D:\Development\gitRepositories\KipTools\KipTools\bin;D:\Development\libs\JSmile\smile.jar;D:\Development\libs\cplex\cplex.jar
Launcher Type: SUN_STANDARD

Environment Variables:
JAVA_HOME=C:\Program Files\Java\jdk1.8.0_101
JRE_HOME=C:\Program Files\Java\jre1.8.0_101
PATH=C:\Program Files\Java\jdk1.8.0_101\jre\bin;C:/Program Files/Java/jre1.8.0_101/bin/server;C:/Program Files/Java/jre1.8.0_101/bin;C:/Program Files/Java/jre1.8.0_101/lib/amd64;C:\ProgramData\Oracle\Java\javapath;D:\Programme\cplex\opl\bin\x64_win64;D:\Programme\cplex\opl\oplide\;D:\Programme\cplex\cplex\bin\x64_win64;D:\Programme\cplex\cpoptimizer\bin\x64_win64;C:\Windows\system32;C:\Windows;C:\Windows\System32\Wbem;C:\Windows\System32\WindowsPowerShell\v1.0\;C:\Program Files (x86)\NVIDIA Corporation\PhysX\Common;C:\Program Files (x86)\MySQL\MySQL Fabric 1.5 & MySQL Utilities 1.5\;C:\Program Files (x86)\MySQL\MySQL Fabric 1.5 & MySQL Utilities 1.5\Doctrine extensions for PHP\;C:\Program Files (x86)\Skype\Phone\;D:\Programme\cplex\cplex\bin\x64_win64;D:\Development\dlls;D:\Programme\eclipse;
USERNAME=Andy
OS=Windows_NT
PROCESSOR_IDENTIFIER=Intel64 Family 6 Model 78 Stepping 3, GenuineIntel



---------------  S Y S T E M  ---------------

OS: Windows 10.0 , 64 bit Build 10240 (10.0.10240.16384)

CPU:total 4 (2 cores per cpu, 2 threads per core) family 6 model 78 stepping 3, cmov, cx8, fxsr, mmx, sse, sse2, sse3, ssse3, sse4.1, sse4.2, popcnt, avx, avx2, aes, clmul, erms, 3dnowpref, lzcnt, ht, tsc, tscinvbit, bmi1, bmi2, adx

Memory: 4k page, physical 8251996k(4469892k free), swap 9562716k(5297948k free)

vm_info: Java HotSpot(TM) 64-Bit Server VM (25.101-b13) for windows-amd64 JRE (1.8.0_101-b13), built on Jun 22 2016 01:21:29 by "java_re" with MS VC++ 10.0 (VS2010)

time: Fri Aug 12 00:56:34 2016
elapsed time: 129 seconds (0d 0h 2m 9s)

